2021-06-28 12:29:05,227:INFO:PyCaret Supervised Module
2021-06-28 12:29:05,227:INFO:ML Usecase: regression
2021-06-28 12:29:05,227:INFO:version 2.3.0
2021-06-28 12:29:05,227:INFO:Initializing setup()
2021-06-28 12:29:05,227:INFO:setup(target=price, ml_usecase=regression, available_plots={'parameter': 'Hyperparameters', 'residuals': 'Residuals', 'error': 'Prediction Error', 'cooks': 'Cooks Distance', 'rfe': 'Feature Selection', 'learning': 'Learning Curve', 'manifold': 'Manifold Learning', 'vc': 'Validation Curve', 'feature': 'Feature Importance', 'feature_all': 'Feature Importance (All)', 'tree': 'Decision Tree', 'residuals_interactive': 'Interactive Residuals'}, train_size=0.7, test_data=None, preprocess=True, imputation_type=simple, iterative_imputation_iters=5, categorical_features=None, categorical_imputation=constant, categorical_iterative_imputer=lightgbm, ordinal_features=None, high_cardinality_features=None, high_cardinality_method=frequency, numeric_features=None, numeric_imputation=mean, numeric_iterative_imputer=lightgbm, date_features=None, ignore_features=None, normalize=False, normalize_method=zscore, transformation=False, transformation_method=yeo-johnson, handle_unknown_categorical=True, unknown_categorical_method=least_frequent, pca=False, pca_method=linear, pca_components=None, ignore_low_variance=False, combine_rare_levels=False, rare_level_threshold=0.1, bin_numeric_features=None, remove_outliers=False, outliers_threshold=0.05, remove_multicollinearity=False, multicollinearity_threshold=0.9, remove_perfect_collinearity=True, create_clusters=False, cluster_iter=20, polynomial_features=False, polynomial_degree=2, trigonometry_features=False, polynomial_threshold=0.1, group_features=None, group_names=None, feature_selection=False, feature_selection_threshold=0.8, feature_selection_method=classic, feature_interaction=False, feature_ratio=False, interaction_threshold=0.01, fix_imbalance=False, fix_imbalance_method=None, transform_target=False, transform_target_method=box-cox, data_split_shuffle=False, data_split_stratify=False, fold_strategy=kfold, fold=10, fold_shuffle=False, fold_groups=None, n_jobs=-1, use_gpu=False, custom_pipeline=None, html=True, session_id=None, log_experiment=False, experiment_name=None, log_plots=False, log_profile=False, log_data=False, silent=False, verbose=True, profile=False, profile_kwargs=None, display=None)
2021-06-28 12:29:05,235:INFO:Checking environment
2021-06-28 12:29:05,235:INFO:python_version: 3.7.3
2021-06-28 12:29:05,235:INFO:python_build: ('v3.7.3:ef4ec6ed12', 'Mar 25 2019 22:22:05')
2021-06-28 12:29:05,236:INFO:machine: AMD64
2021-06-28 12:29:05,236:INFO:platform: Windows-10-10.0.18362-SP0
2021-06-28 12:29:05,237:WARNING:cannot find psutil installation. memory not traceable. Install psutil using pip to enable memory logging.
2021-06-28 12:29:05,237:INFO:Checking libraries
2021-06-28 12:29:05,237:INFO:pd==1.2.3
2021-06-28 12:29:05,237:INFO:numpy==1.19.5
2021-06-28 12:29:05,237:INFO:sklearn==0.23.2
2021-06-28 12:29:05,237:INFO:lightgbm==3.2.0
2021-06-28 12:29:05,238:WARNING:catboost not found
2021-06-28 12:29:05,980:INFO:xgboost==1.3.3
2021-06-28 12:29:11,109:INFO:mlflow==1.15.0
2021-06-28 12:29:11,109:INFO:Checking Exceptions
2021-06-28 12:29:11,109:INFO:Declaring global variables
2021-06-28 12:29:11,109:INFO:USI: fdc8
2021-06-28 12:29:11,109:INFO:pycaret_globals: {'_available_plots', 'imputation_classifier', 'USI', '_all_models', 'fold_generator', 'display_container', 'fix_imbalance_method_param', 'fold_groups_param', 'X', 'target_param', 'gpu_param', 'iterative_imputation_iters_param', 'fix_imbalance_param', 'X_train', 'html_param', 'pycaret_globals', 'logging_param', 'imputation_regressor', 'master_model_container', '_internal_pipeline', '_all_metrics', 'fold_shuffle_param', 'X_test', 'log_plots_param', 'transform_target_param', '_gpu_n_jobs_param', 'fold_param', 'y_test', 'n_jobs_param', 'create_model_container', '_all_models_internal', 'stratify_param', 'seed', 'transform_target_method_param', 'prep_pipe', 'experiment__', 'exp_name_log', 'data_before_preprocess', 'y_train', '_ml_usecase', 'y'}
2021-06-28 12:29:11,109:INFO:Preparing display monitor
2021-06-28 12:29:11,109:INFO:Preparing display monitor
2021-06-28 12:29:11,225:INFO:Importing libraries
2021-06-28 12:29:11,226:INFO:Copying data for preprocessing
2021-06-28 12:29:11,282:INFO:Declaring preprocessing parameters
2021-06-28 12:29:11,291:INFO:Creating preprocessing pipeline
2021-06-28 12:29:11,498:INFO:Preprocessing pipeline created successfully
2021-06-28 12:29:11,498:ERROR:(Process Exit): setup has been interupted with user command 'quit'. setup must rerun.
2021-06-28 12:29:11,499:INFO:Creating global containers
2021-06-28 12:29:11,546:INFO:Internal pipeline: Pipeline(memory=None, steps=[('empty_step', 'passthrough')], verbose=False)
2021-06-28 12:29:14,991:WARNING:Couldn't import catboost.CatBoostRegressor
2021-06-28 12:29:15,130:WARNING:Couldn't import catboost.CatBoostRegressor
2021-06-28 12:29:15,130:INFO:Creating grid variables
2021-06-28 12:29:15,192:INFO:create_model_container: 0
2021-06-28 12:29:15,192:INFO:master_model_container: 0
2021-06-28 12:29:15,192:INFO:display_container: 1
2021-06-28 12:29:15,201:INFO:Pipeline(memory=None,
         steps=[('dtypes',
                 DataTypes_Auto_infer(categorical_features=[],
                                      display_types=True, features_todrop=[],
                                      id_columns=[], ml_usecase='regression',
                                      numerical_features=[], target='price',
                                      time_features=[])),
                ('imputer',
                 Simple_Imputer(categorical_strategy='not_available',
                                fill_value_categorical=None,
                                fill_value_numerical=None,
                                numeric_strategy='...
                ('scaling', 'passthrough'), ('P_transform', 'passthrough'),
                ('binn', 'passthrough'), ('rem_outliers', 'passthrough'),
                ('cluster_all', 'passthrough'),
                ('dummy', Dummify(target='price')),
                ('fix_perfect', Remove_100(target='price')),
                ('clean_names', Clean_Colum_Names()),
                ('feature_select', 'passthrough'), ('fix_multi', 'passthrough'),
                ('dfs', 'passthrough'), ('pca', 'passthrough')],
         verbose=False)
2021-06-28 12:29:15,201:INFO:setup() succesfully completed......................................
2021-06-28 12:29:15,344:INFO:Initializing compare_models()
2021-06-28 12:29:15,345:INFO:compare_models(include=None, fold=None, round=4, cross_validation=True, sort=R2, n_select=1, budget_time=None, turbo=False, errors=ignore, fit_kwargs=None, groups=None, verbose=True, display=None, exclude=None)
2021-06-28 12:29:15,345:INFO:Checking exceptions
2021-06-28 12:29:15,345:INFO:Preparing display monitor
2021-06-28 12:29:15,345:INFO:Preparing display monitor
2021-06-28 12:29:15,392:INFO:Initializing Linear Regression
2021-06-28 12:29:15,392:INFO:Total runtime is 1.662572224934896e-05 minutes
2021-06-28 12:29:15,407:INFO:SubProcess create_model() called ==================================
2021-06-28 12:29:15,407:INFO:Initializing create_model()
2021-06-28 12:29:15,408:INFO:create_model(estimator=lr, fold=KFold(n_splits=10, random_state=None, shuffle=False), round=4, cross_validation=True, predict=True, fit_kwargs={}, groups=None, refit=False, verbose=False, system=False, metrics=None, display=<pycaret.internal.Display.Display object at 0x0000025BAD4085C0>, kwargs={})
2021-06-28 12:29:15,408:INFO:Checking exceptions
2021-06-28 12:29:15,408:INFO:Importing libraries
2021-06-28 12:29:15,408:INFO:Copying training dataset
2021-06-28 12:29:15,414:INFO:Defining folds
2021-06-28 12:29:15,414:INFO:Declaring metric variables
2021-06-28 12:29:15,428:INFO:Importing untrained model
2021-06-28 12:29:15,440:INFO:Linear Regression Imported succesfully
2021-06-28 12:29:15,467:INFO:Starting cross validation
2021-06-28 12:29:15,629:INFO:Cross validating with KFold(n_splits=10, random_state=None, shuffle=False), n_jobs=-1
2021-06-28 12:29:20,727:INFO:Calculating mean and std
2021-06-28 12:29:20,728:INFO:Creating metrics dataframe
2021-06-28 12:29:20,737:INFO:Uploading results into container
2021-06-28 12:29:20,737:INFO:Uploading model into container now
2021-06-28 12:29:20,737:INFO:create_model_container: 1
2021-06-28 12:29:20,737:INFO:master_model_container: 1
2021-06-28 12:29:20,737:INFO:display_container: 2
2021-06-28 12:29:20,739:INFO:LinearRegression(copy_X=True, fit_intercept=True, n_jobs=-1, normalize=False)
2021-06-28 12:29:20,739:INFO:create_model() succesfully completed......................................
2021-06-28 12:29:20,795:INFO:SubProcess create_model() end ==================================
2021-06-28 12:29:20,795:INFO:Creating metrics dataframe
2021-06-28 12:29:20,825:INFO:Initializing Lasso Regression
2021-06-28 12:29:20,825:INFO:Total runtime is 0.09055782159169515 minutes
2021-06-28 12:29:20,841:INFO:SubProcess create_model() called ==================================
2021-06-28 12:29:20,841:INFO:Initializing create_model()
2021-06-28 12:29:20,842:INFO:create_model(estimator=lasso, fold=KFold(n_splits=10, random_state=None, shuffle=False), round=4, cross_validation=True, predict=True, fit_kwargs={}, groups=None, refit=False, verbose=False, system=False, metrics=None, display=<pycaret.internal.Display.Display object at 0x0000025BAD4085C0>, kwargs={})
2021-06-28 12:29:20,842:INFO:Checking exceptions
2021-06-28 12:29:20,842:INFO:Importing libraries
2021-06-28 12:29:20,842:INFO:Copying training dataset
2021-06-28 12:29:20,846:INFO:Defining folds
2021-06-28 12:29:20,847:INFO:Declaring metric variables
2021-06-28 12:29:20,869:INFO:Importing untrained model
2021-06-28 12:29:20,893:INFO:Lasso Regression Imported succesfully
2021-06-28 12:29:20,936:INFO:Starting cross validation
2021-06-28 12:29:20,938:INFO:Cross validating with KFold(n_splits=10, random_state=None, shuffle=False), n_jobs=-1
2021-06-28 12:29:26,972:INFO:Calculating mean and std
2021-06-28 12:29:26,973:INFO:Creating metrics dataframe
2021-06-28 12:29:26,980:INFO:Uploading results into container
2021-06-28 12:29:26,980:INFO:Uploading model into container now
2021-06-28 12:29:26,980:INFO:create_model_container: 2
2021-06-28 12:29:26,981:INFO:master_model_container: 2
2021-06-28 12:29:26,981:INFO:display_container: 2
2021-06-28 12:29:26,981:INFO:Lasso(alpha=1.0, copy_X=True, fit_intercept=True, max_iter=1000,
      normalize=False, positive=False, precompute=False, random_state=1840,
      selection='cyclic', tol=0.0001, warm_start=False)
2021-06-28 12:29:26,981:INFO:create_model() succesfully completed......................................
2021-06-28 12:29:27,038:INFO:SubProcess create_model() end ==================================
2021-06-28 12:29:27,039:INFO:Creating metrics dataframe
2021-06-28 12:29:27,056:INFO:Initializing Ridge Regression
2021-06-28 12:29:27,056:INFO:Total runtime is 0.19441344340642291 minutes
2021-06-28 12:29:27,072:INFO:SubProcess create_model() called ==================================
2021-06-28 12:29:27,073:INFO:Initializing create_model()
2021-06-28 12:29:27,073:INFO:create_model(estimator=ridge, fold=KFold(n_splits=10, random_state=None, shuffle=False), round=4, cross_validation=True, predict=True, fit_kwargs={}, groups=None, refit=False, verbose=False, system=False, metrics=None, display=<pycaret.internal.Display.Display object at 0x0000025BAD4085C0>, kwargs={})
2021-06-28 12:29:27,073:INFO:Checking exceptions
2021-06-28 12:29:27,073:INFO:Importing libraries
2021-06-28 12:29:27,073:INFO:Copying training dataset
2021-06-28 12:29:27,078:INFO:Defining folds
2021-06-28 12:29:27,078:INFO:Declaring metric variables
2021-06-28 12:29:27,096:INFO:Importing untrained model
2021-06-28 12:29:27,123:INFO:Ridge Regression Imported succesfully
2021-06-28 12:29:27,168:INFO:Starting cross validation
2021-06-28 12:29:27,169:INFO:Cross validating with KFold(n_splits=10, random_state=None, shuffle=False), n_jobs=-1
2021-06-28 12:29:27,854:INFO:Calculating mean and std
2021-06-28 12:29:27,856:INFO:Creating metrics dataframe
2021-06-28 12:29:27,863:INFO:Uploading results into container
2021-06-28 12:29:27,864:INFO:Uploading model into container now
2021-06-28 12:29:27,864:INFO:create_model_container: 3
2021-06-28 12:29:27,864:INFO:master_model_container: 3
2021-06-28 12:29:27,864:INFO:display_container: 2
2021-06-28 12:29:27,865:INFO:Ridge(alpha=1.0, copy_X=True, fit_intercept=True, max_iter=None,
      normalize=False, random_state=1840, solver='auto', tol=0.001)
2021-06-28 12:29:27,865:INFO:create_model() succesfully completed......................................
2021-06-28 12:29:27,925:INFO:SubProcess create_model() end ==================================
2021-06-28 12:29:27,925:INFO:Creating metrics dataframe
2021-06-28 12:29:27,951:INFO:Initializing Elastic Net
2021-06-28 12:29:27,951:INFO:Total runtime is 0.2093401789665222 minutes
2021-06-28 12:29:27,972:INFO:SubProcess create_model() called ==================================
2021-06-28 12:29:27,972:INFO:Initializing create_model()
2021-06-28 12:29:27,973:INFO:create_model(estimator=en, fold=KFold(n_splits=10, random_state=None, shuffle=False), round=4, cross_validation=True, predict=True, fit_kwargs={}, groups=None, refit=False, verbose=False, system=False, metrics=None, display=<pycaret.internal.Display.Display object at 0x0000025BAD4085C0>, kwargs={})
2021-06-28 12:29:27,973:INFO:Checking exceptions
2021-06-28 12:29:27,973:INFO:Importing libraries
2021-06-28 12:29:27,973:INFO:Copying training dataset
2021-06-28 12:29:27,977:INFO:Defining folds
2021-06-28 12:29:27,977:INFO:Declaring metric variables
2021-06-28 12:29:27,991:INFO:Importing untrained model
2021-06-28 12:29:28,002:INFO:Elastic Net Imported succesfully
2021-06-28 12:29:28,034:INFO:Starting cross validation
2021-06-28 12:29:28,034:INFO:Cross validating with KFold(n_splits=10, random_state=None, shuffle=False), n_jobs=-1
2021-06-28 12:29:34,055:INFO:Calculating mean and std
2021-06-28 12:29:34,056:INFO:Creating metrics dataframe
2021-06-28 12:29:34,061:INFO:Uploading results into container
2021-06-28 12:29:34,061:INFO:Uploading model into container now
2021-06-28 12:29:34,062:INFO:create_model_container: 4
2021-06-28 12:29:34,062:INFO:master_model_container: 4
2021-06-28 12:29:34,062:INFO:display_container: 2
2021-06-28 12:29:34,062:INFO:ElasticNet(alpha=1.0, copy_X=True, fit_intercept=True, l1_ratio=0.5,
           max_iter=1000, normalize=False, positive=False, precompute=False,
           random_state=1840, selection='cyclic', tol=0.0001, warm_start=False)
2021-06-28 12:29:34,062:INFO:create_model() succesfully completed......................................
2021-06-28 12:29:34,116:INFO:SubProcess create_model() end ==================================
2021-06-28 12:29:34,117:INFO:Creating metrics dataframe
2021-06-28 12:29:34,140:INFO:Initializing Least Angle Regression
2021-06-28 12:29:34,140:INFO:Total runtime is 0.31248114109039304 minutes
2021-06-28 12:29:34,151:INFO:SubProcess create_model() called ==================================
2021-06-28 12:29:34,151:INFO:Initializing create_model()
2021-06-28 12:29:34,152:INFO:create_model(estimator=lar, fold=KFold(n_splits=10, random_state=None, shuffle=False), round=4, cross_validation=True, predict=True, fit_kwargs={}, groups=None, refit=False, verbose=False, system=False, metrics=None, display=<pycaret.internal.Display.Display object at 0x0000025BAD4085C0>, kwargs={})
2021-06-28 12:29:34,152:INFO:Checking exceptions
2021-06-28 12:29:34,152:INFO:Importing libraries
2021-06-28 12:29:34,152:INFO:Copying training dataset
2021-06-28 12:29:34,156:INFO:Defining folds
2021-06-28 12:29:34,157:INFO:Declaring metric variables
2021-06-28 12:29:34,168:INFO:Importing untrained model
2021-06-28 12:29:34,185:INFO:Least Angle Regression Imported succesfully
2021-06-28 12:29:34,227:INFO:Starting cross validation
2021-06-28 12:29:34,227:INFO:Cross validating with KFold(n_splits=10, random_state=None, shuffle=False), n_jobs=-1
2021-06-28 12:29:34,830:INFO:Calculating mean and std
2021-06-28 12:29:34,831:INFO:Creating metrics dataframe
2021-06-28 12:29:34,839:INFO:Uploading results into container
2021-06-28 12:29:34,839:INFO:Uploading model into container now
2021-06-28 12:29:34,839:INFO:create_model_container: 5
2021-06-28 12:29:34,840:INFO:master_model_container: 5
2021-06-28 12:29:34,840:INFO:display_container: 2
2021-06-28 12:29:34,840:INFO:Lars(copy_X=True, eps=2.220446049250313e-16, fit_intercept=True, fit_path=True,
     jitter=None, n_nonzero_coefs=500, normalize=True, precompute='auto',
     random_state=1840, verbose=False)
2021-06-28 12:29:34,840:INFO:create_model() succesfully completed......................................
2021-06-28 12:29:34,893:INFO:SubProcess create_model() end ==================================
2021-06-28 12:29:34,893:INFO:Creating metrics dataframe
2021-06-28 12:29:34,912:INFO:Initializing Lasso Least Angle Regression
2021-06-28 12:29:34,912:INFO:Total runtime is 0.3253466327985128 minutes
2021-06-28 12:29:34,926:INFO:SubProcess create_model() called ==================================
2021-06-28 12:29:34,926:INFO:Initializing create_model()
2021-06-28 12:29:34,926:INFO:create_model(estimator=llar, fold=KFold(n_splits=10, random_state=None, shuffle=False), round=4, cross_validation=True, predict=True, fit_kwargs={}, groups=None, refit=False, verbose=False, system=False, metrics=None, display=<pycaret.internal.Display.Display object at 0x0000025BAD4085C0>, kwargs={})
2021-06-28 12:29:34,927:INFO:Checking exceptions
2021-06-28 12:29:34,927:INFO:Importing libraries
2021-06-28 12:29:34,927:INFO:Copying training dataset
2021-06-28 12:29:34,930:INFO:Defining folds
2021-06-28 12:29:34,931:INFO:Declaring metric variables
2021-06-28 12:29:34,945:INFO:Importing untrained model
2021-06-28 12:29:34,960:INFO:Lasso Least Angle Regression Imported succesfully
2021-06-28 12:29:34,991:INFO:Starting cross validation
2021-06-28 12:29:34,992:INFO:Cross validating with KFold(n_splits=10, random_state=None, shuffle=False), n_jobs=-1
2021-06-28 12:29:35,415:INFO:Calculating mean and std
2021-06-28 12:29:35,416:INFO:Creating metrics dataframe
2021-06-28 12:29:35,422:INFO:Uploading results into container
2021-06-28 12:29:35,422:INFO:Uploading model into container now
2021-06-28 12:29:35,422:INFO:create_model_container: 6
2021-06-28 12:29:35,422:INFO:master_model_container: 6
2021-06-28 12:29:35,422:INFO:display_container: 2
2021-06-28 12:29:35,423:INFO:LassoLars(alpha=1.0, copy_X=True, eps=2.220446049250313e-16, fit_intercept=True,
          fit_path=True, jitter=None, max_iter=500, normalize=True,
          positive=False, precompute='auto', random_state=1840, verbose=False)
2021-06-28 12:29:35,423:INFO:create_model() succesfully completed......................................
2021-06-28 12:29:35,479:INFO:SubProcess create_model() end ==================================
2021-06-28 12:29:35,479:INFO:Creating metrics dataframe
2021-06-28 12:29:35,512:INFO:Initializing Orthogonal Matching Pursuit
2021-06-28 12:29:35,513:INFO:Total runtime is 0.3353698134422302 minutes
2021-06-28 12:29:35,525:INFO:SubProcess create_model() called ==================================
2021-06-28 12:29:35,525:INFO:Initializing create_model()
2021-06-28 12:29:35,526:INFO:create_model(estimator=omp, fold=KFold(n_splits=10, random_state=None, shuffle=False), round=4, cross_validation=True, predict=True, fit_kwargs={}, groups=None, refit=False, verbose=False, system=False, metrics=None, display=<pycaret.internal.Display.Display object at 0x0000025BAD4085C0>, kwargs={})
2021-06-28 12:29:35,526:INFO:Checking exceptions
2021-06-28 12:29:35,526:INFO:Importing libraries
2021-06-28 12:29:35,526:INFO:Copying training dataset
2021-06-28 12:29:35,530:INFO:Defining folds
2021-06-28 12:29:35,530:INFO:Declaring metric variables
2021-06-28 12:29:35,542:INFO:Importing untrained model
2021-06-28 12:29:35,556:INFO:Orthogonal Matching Pursuit Imported succesfully
2021-06-28 12:29:35,583:INFO:Starting cross validation
2021-06-28 12:29:35,584:INFO:Cross validating with KFold(n_splits=10, random_state=None, shuffle=False), n_jobs=-1
2021-06-28 12:29:36,103:INFO:Calculating mean and std
2021-06-28 12:29:36,105:INFO:Creating metrics dataframe
2021-06-28 12:29:36,114:INFO:Uploading results into container
2021-06-28 12:29:36,114:INFO:Uploading model into container now
2021-06-28 12:29:36,114:INFO:create_model_container: 7
2021-06-28 12:29:36,114:INFO:master_model_container: 7
2021-06-28 12:29:36,114:INFO:display_container: 2
2021-06-28 12:29:36,115:INFO:OrthogonalMatchingPursuit(fit_intercept=True, n_nonzero_coefs=None,
                          normalize=True, precompute='auto', tol=None)
2021-06-28 12:29:36,115:INFO:create_model() succesfully completed......................................
2021-06-28 12:29:36,171:INFO:SubProcess create_model() end ==================================
2021-06-28 12:29:36,171:INFO:Creating metrics dataframe
2021-06-28 12:29:36,192:INFO:Initializing Bayesian Ridge
2021-06-28 12:29:36,193:INFO:Total runtime is 0.34670037428538003 minutes
2021-06-28 12:29:36,207:INFO:SubProcess create_model() called ==================================
2021-06-28 12:29:36,208:INFO:Initializing create_model()
2021-06-28 12:29:36,208:INFO:create_model(estimator=br, fold=KFold(n_splits=10, random_state=None, shuffle=False), round=4, cross_validation=True, predict=True, fit_kwargs={}, groups=None, refit=False, verbose=False, system=False, metrics=None, display=<pycaret.internal.Display.Display object at 0x0000025BAD4085C0>, kwargs={})
2021-06-28 12:29:36,208:INFO:Checking exceptions
2021-06-28 12:29:36,208:INFO:Importing libraries
2021-06-28 12:29:36,208:INFO:Copying training dataset
2021-06-28 12:29:36,211:INFO:Defining folds
2021-06-28 12:29:36,211:INFO:Declaring metric variables
2021-06-28 12:29:36,228:INFO:Importing untrained model
2021-06-28 12:29:36,244:INFO:Bayesian Ridge Imported succesfully
2021-06-28 12:29:36,275:INFO:Starting cross validation
2021-06-28 12:29:36,276:INFO:Cross validating with KFold(n_splits=10, random_state=None, shuffle=False), n_jobs=-1
2021-06-28 12:29:38,646:INFO:Calculating mean and std
2021-06-28 12:29:38,647:INFO:Creating metrics dataframe
2021-06-28 12:29:38,653:INFO:Uploading results into container
2021-06-28 12:29:38,653:INFO:Uploading model into container now
2021-06-28 12:29:38,654:INFO:create_model_container: 8
2021-06-28 12:29:38,654:INFO:master_model_container: 8
2021-06-28 12:29:38,654:INFO:display_container: 2
2021-06-28 12:29:38,655:INFO:BayesianRidge(alpha_1=1e-06, alpha_2=1e-06, alpha_init=None,
              compute_score=False, copy_X=True, fit_intercept=True,
              lambda_1=1e-06, lambda_2=1e-06, lambda_init=None, n_iter=300,
              normalize=False, tol=0.001, verbose=False)
2021-06-28 12:29:38,655:INFO:create_model() succesfully completed......................................
2021-06-28 12:29:38,713:INFO:SubProcess create_model() end ==================================
2021-06-28 12:29:38,713:INFO:Creating metrics dataframe
2021-06-28 12:29:38,743:INFO:Initializing Automatic Relevance Determination
2021-06-28 12:29:38,744:INFO:Total runtime is 0.38920921087265015 minutes
2021-06-28 12:29:38,766:INFO:SubProcess create_model() called ==================================
2021-06-28 12:29:38,767:INFO:Initializing create_model()
2021-06-28 12:29:38,767:INFO:create_model(estimator=ard, fold=KFold(n_splits=10, random_state=None, shuffle=False), round=4, cross_validation=True, predict=True, fit_kwargs={}, groups=None, refit=False, verbose=False, system=False, metrics=None, display=<pycaret.internal.Display.Display object at 0x0000025BAD4085C0>, kwargs={})
2021-06-28 12:29:38,767:INFO:Checking exceptions
2021-06-28 12:29:38,767:INFO:Importing libraries
2021-06-28 12:29:38,767:INFO:Copying training dataset
2021-06-28 12:29:38,773:INFO:Defining folds
2021-06-28 12:29:38,773:INFO:Declaring metric variables
2021-06-28 12:29:38,788:INFO:Importing untrained model
2021-06-28 12:29:38,807:INFO:Automatic Relevance Determination Imported succesfully
2021-06-28 12:29:38,846:INFO:Starting cross validation
2021-06-28 12:29:38,847:INFO:Cross validating with KFold(n_splits=10, random_state=None, shuffle=False), n_jobs=-1
2021-06-28 12:31:25,200:INFO:Calculating mean and std
2021-06-28 12:31:25,207:INFO:Creating metrics dataframe
2021-06-28 12:31:25,215:INFO:Uploading results into container
2021-06-28 12:31:25,216:INFO:Uploading model into container now
2021-06-28 12:31:25,216:INFO:create_model_container: 9
2021-06-28 12:31:25,216:INFO:master_model_container: 9
2021-06-28 12:31:25,216:INFO:display_container: 2
2021-06-28 12:31:25,216:INFO:ARDRegression(alpha_1=1e-06, alpha_2=1e-06, compute_score=False, copy_X=True,
              fit_intercept=True, lambda_1=1e-06, lambda_2=1e-06, n_iter=1000,
              normalize=False, threshold_lambda=10000.0, tol=0.001,
              verbose=False)
2021-06-28 12:31:25,217:INFO:create_model() succesfully completed......................................
2021-06-28 12:31:25,326:INFO:SubProcess create_model() end ==================================
2021-06-28 12:31:25,327:INFO:Creating metrics dataframe
2021-06-28 12:31:25,359:INFO:Initializing Passive Aggressive Regressor
2021-06-28 12:31:25,359:INFO:Total runtime is 2.1661384026209514 minutes
2021-06-28 12:31:25,394:INFO:SubProcess create_model() called ==================================
2021-06-28 12:31:25,395:INFO:Initializing create_model()
2021-06-28 12:31:25,396:INFO:create_model(estimator=par, fold=KFold(n_splits=10, random_state=None, shuffle=False), round=4, cross_validation=True, predict=True, fit_kwargs={}, groups=None, refit=False, verbose=False, system=False, metrics=None, display=<pycaret.internal.Display.Display object at 0x0000025BAD4085C0>, kwargs={})
2021-06-28 12:31:25,396:INFO:Checking exceptions
2021-06-28 12:31:25,396:INFO:Importing libraries
2021-06-28 12:31:25,396:INFO:Copying training dataset
2021-06-28 12:31:25,401:INFO:Defining folds
2021-06-28 12:31:25,403:INFO:Declaring metric variables
2021-06-28 12:31:25,433:INFO:Importing untrained model
2021-06-28 12:31:25,453:INFO:Passive Aggressive Regressor Imported succesfully
2021-06-28 12:31:25,517:INFO:Starting cross validation
2021-06-28 12:31:25,518:INFO:Cross validating with KFold(n_splits=10, random_state=None, shuffle=False), n_jobs=-1
2021-06-28 12:31:27,045:INFO:Calculating mean and std
2021-06-28 12:31:27,047:INFO:Creating metrics dataframe
2021-06-28 12:31:27,052:INFO:Uploading results into container
2021-06-28 12:31:27,053:INFO:Uploading model into container now
2021-06-28 12:31:27,053:INFO:create_model_container: 10
2021-06-28 12:31:27,054:INFO:master_model_container: 10
2021-06-28 12:31:27,054:INFO:display_container: 2
2021-06-28 12:31:27,056:INFO:PassiveAggressiveRegressor(C=1.0, average=False, early_stopping=False,
                           epsilon=0.1, fit_intercept=True,
                           loss='epsilon_insensitive', max_iter=1000,
                           n_iter_no_change=5, random_state=1840, shuffle=True,
                           tol=0.001, validation_fraction=0.1, verbose=0,
                           warm_start=False)
2021-06-28 12:31:27,056:INFO:create_model() succesfully completed......................................
2021-06-28 12:31:27,147:INFO:SubProcess create_model() end ==================================
2021-06-28 12:31:27,147:INFO:Creating metrics dataframe
2021-06-28 12:31:27,186:INFO:Initializing Random Sample Consensus
2021-06-28 12:31:27,186:INFO:Total runtime is 2.196590296427409 minutes
2021-06-28 12:31:27,207:INFO:SubProcess create_model() called ==================================
2021-06-28 12:31:27,208:INFO:Initializing create_model()
2021-06-28 12:31:27,208:INFO:create_model(estimator=ransac, fold=KFold(n_splits=10, random_state=None, shuffle=False), round=4, cross_validation=True, predict=True, fit_kwargs={}, groups=None, refit=False, verbose=False, system=False, metrics=None, display=<pycaret.internal.Display.Display object at 0x0000025BAD4085C0>, kwargs={})
2021-06-28 12:31:27,208:INFO:Checking exceptions
2021-06-28 12:31:27,208:INFO:Importing libraries
2021-06-28 12:31:27,218:INFO:Copying training dataset
2021-06-28 12:31:27,222:INFO:Defining folds
2021-06-28 12:31:27,222:INFO:Declaring metric variables
2021-06-28 12:31:27,260:INFO:Importing untrained model
2021-06-28 12:31:27,280:INFO:Random Sample Consensus Imported succesfully
2021-06-28 12:31:27,333:INFO:Starting cross validation
2021-06-28 12:31:27,334:INFO:Cross validating with KFold(n_splits=10, random_state=None, shuffle=False), n_jobs=-1
2021-06-28 12:31:30,430:INFO:Calculating mean and std
2021-06-28 12:31:30,431:INFO:Creating metrics dataframe
2021-06-28 12:31:30,436:INFO:Uploading results into container
2021-06-28 12:31:30,436:INFO:Uploading model into container now
2021-06-28 12:31:30,436:INFO:create_model_container: 11
2021-06-28 12:31:30,436:INFO:master_model_container: 11
2021-06-28 12:31:30,436:INFO:display_container: 2
2021-06-28 12:31:30,437:INFO:RANSACRegressor(base_estimator=None, is_data_valid=None, is_model_valid=None,
                loss='absolute_loss', max_skips=inf, max_trials=100,
                min_samples=None, random_state=1840, residual_threshold=None,
                stop_n_inliers=inf, stop_probability=0.99, stop_score=inf)
2021-06-28 12:31:30,437:INFO:create_model() succesfully completed......................................
2021-06-28 12:31:30,500:INFO:SubProcess create_model() end ==================================
2021-06-28 12:31:30,501:INFO:Creating metrics dataframe
2021-06-28 12:31:30,544:INFO:Initializing TheilSen Regressor
2021-06-28 12:31:30,544:INFO:Total runtime is 2.2525572856267293 minutes
2021-06-28 12:31:30,563:INFO:SubProcess create_model() called ==================================
2021-06-28 12:31:30,564:INFO:Initializing create_model()
2021-06-28 12:31:30,564:INFO:create_model(estimator=tr, fold=KFold(n_splits=10, random_state=None, shuffle=False), round=4, cross_validation=True, predict=True, fit_kwargs={}, groups=None, refit=False, verbose=False, system=False, metrics=None, display=<pycaret.internal.Display.Display object at 0x0000025BAD4085C0>, kwargs={})
2021-06-28 12:31:30,564:INFO:Checking exceptions
2021-06-28 12:31:30,564:INFO:Importing libraries
2021-06-28 12:31:30,564:INFO:Copying training dataset
2021-06-28 12:31:30,568:INFO:Defining folds
2021-06-28 12:31:30,568:INFO:Declaring metric variables
2021-06-28 12:31:30,590:INFO:Importing untrained model
2021-06-28 12:31:30,613:INFO:TheilSen Regressor Imported succesfully
2021-06-28 12:31:30,652:INFO:Starting cross validation
2021-06-28 12:31:30,653:INFO:Cross validating with KFold(n_splits=10, random_state=None, shuffle=False), n_jobs=-1
2021-06-28 12:33:23,235:INFO:Calculating mean and std
2021-06-28 12:33:23,237:INFO:Creating metrics dataframe
2021-06-28 12:33:23,246:INFO:Uploading results into container
2021-06-28 12:33:23,246:INFO:Uploading model into container now
2021-06-28 12:33:23,247:INFO:create_model_container: 12
2021-06-28 12:33:23,247:INFO:master_model_container: 12
2021-06-28 12:33:23,247:INFO:display_container: 2
2021-06-28 12:33:23,247:INFO:TheilSenRegressor(copy_X=True, fit_intercept=True, max_iter=1000,
                  max_subpopulation=10000, n_jobs=-1, n_subsamples=None,
                  random_state=1840, tol=0.001, verbose=False)
2021-06-28 12:33:23,248:INFO:create_model() succesfully completed......................................
2021-06-28 12:33:23,317:INFO:SubProcess create_model() end ==================================
2021-06-28 12:33:23,317:INFO:Creating metrics dataframe
2021-06-28 12:33:23,348:INFO:Initializing Huber Regressor
2021-06-28 12:33:23,348:INFO:Total runtime is 4.132613011201222 minutes
2021-06-28 12:33:23,363:INFO:SubProcess create_model() called ==================================
2021-06-28 12:33:23,363:INFO:Initializing create_model()
2021-06-28 12:33:23,363:INFO:create_model(estimator=huber, fold=KFold(n_splits=10, random_state=None, shuffle=False), round=4, cross_validation=True, predict=True, fit_kwargs={}, groups=None, refit=False, verbose=False, system=False, metrics=None, display=<pycaret.internal.Display.Display object at 0x0000025BAD4085C0>, kwargs={})
2021-06-28 12:33:23,364:INFO:Checking exceptions
2021-06-28 12:33:23,364:INFO:Importing libraries
2021-06-28 12:33:23,364:INFO:Copying training dataset
2021-06-28 12:33:23,368:INFO:Defining folds
2021-06-28 12:33:23,369:INFO:Declaring metric variables
2021-06-28 12:33:23,385:INFO:Importing untrained model
2021-06-28 12:33:23,404:INFO:Huber Regressor Imported succesfully
2021-06-28 12:33:23,465:INFO:Starting cross validation
2021-06-28 12:33:23,466:INFO:Cross validating with KFold(n_splits=10, random_state=None, shuffle=False), n_jobs=-1
2021-06-28 12:33:26,176:INFO:Calculating mean and std
2021-06-28 12:33:26,177:INFO:Creating metrics dataframe
2021-06-28 12:33:26,183:INFO:Uploading results into container
2021-06-28 12:33:26,183:INFO:Uploading model into container now
2021-06-28 12:33:26,183:INFO:create_model_container: 13
2021-06-28 12:33:26,183:INFO:master_model_container: 13
2021-06-28 12:33:26,183:INFO:display_container: 2
2021-06-28 12:33:26,184:INFO:HuberRegressor(alpha=0.0001, epsilon=1.35, fit_intercept=True, max_iter=100,
               tol=1e-05, warm_start=False)
2021-06-28 12:33:26,184:INFO:create_model() succesfully completed......................................
2021-06-28 12:33:26,241:INFO:SubProcess create_model() end ==================================
2021-06-28 12:33:26,241:INFO:Creating metrics dataframe
2021-06-28 12:33:26,268:INFO:Initializing Kernel Ridge
2021-06-28 12:33:26,268:INFO:Total runtime is 4.181282862027485 minutes
2021-06-28 12:33:26,283:INFO:SubProcess create_model() called ==================================
2021-06-28 12:33:26,284:INFO:Initializing create_model()
2021-06-28 12:33:26,284:INFO:create_model(estimator=kr, fold=KFold(n_splits=10, random_state=None, shuffle=False), round=4, cross_validation=True, predict=True, fit_kwargs={}, groups=None, refit=False, verbose=False, system=False, metrics=None, display=<pycaret.internal.Display.Display object at 0x0000025BAD4085C0>, kwargs={})
2021-06-28 12:33:26,284:INFO:Checking exceptions
2021-06-28 12:33:26,284:INFO:Importing libraries
2021-06-28 12:33:26,285:INFO:Copying training dataset
2021-06-28 12:33:26,288:INFO:Defining folds
2021-06-28 12:33:26,288:INFO:Declaring metric variables
2021-06-28 12:33:26,308:INFO:Importing untrained model
2021-06-28 12:33:26,331:INFO:Kernel Ridge Imported succesfully
2021-06-28 12:33:26,400:INFO:Starting cross validation
2021-06-28 12:33:26,401:INFO:Cross validating with KFold(n_splits=10, random_state=None, shuffle=False), n_jobs=-1
